<?xml version="1.0" encoding="UTF-8"?>
<testng-results skipped="0" failed="0" ignored="0" total="1" passed="1">
  <reporter-output>
  </reporter-output>
  <suite name="Command line suite" duration-ms="14" started-at="2020-05-16T21:17:32Z" finished-at="2020-05-16T21:17:32Z">
    <groups>
    </groups>
    <test name="Command line test" duration-ms="14" started-at="2020-05-16T21:17:32Z" finished-at="2020-05-16T21:17:32Z">
      <class name="Testng.Testng.AppTest">
        <test-method status="PASS" signature="testApp()[pri:0, instance:testApp(Testng.Testng.AppTest)]" name="testApp" duration-ms="1" started-at="2020-05-16T21:17:32Z" finished-at="2020-05-16T21:17:32Z">
          <reporter-output>
          </reporter-output>
        </test-method> <!-- testApp -->
      </class> <!-- Testng.Testng.AppTest -->
    </test> <!-- Command line test -->
  </suite> <!-- Command line suite -->
</testng-results>
