<?xml version="1.0" encoding="UTF-8"?>
<!-- Generated by org.testng.reporters.JUnitXMLReporter -->
<testsuite hostname="INNOSZLP00355" ignored="0" name="Default test" tests="3" failures="0" timestamp="16 May 2020 19:04:51 GMT" time="0.055" errors="0">
  <testcase name="dataProviderSample" time="0.011" classname="vase1.DataProvideSample"/>
  <testcase name="dataProviderSample" time="0.002" classname="vase1.DataProvideSample"/>
  <testcase name="dataProviderSample" time="0.002" classname="vase1.DataProvideSample"/>
</testsuite> <!-- Default test -->
