<?xml version="1.0" encoding="UTF-8"?>
<!-- Generated by org.testng.reporters.JUnitXMLReporter -->
<testsuite hostname="INNOSZLP00355" ignored="0" name="Surefire test" tests="7" failures="0" timestamp="16 May 2020 20:46:30 GMT" time="0.088" errors="0">
  <testcase name="print" time="0.0" classname="base.Sample1Test"/>
  <testcase name="print1Sample1" time="0.001" classname="base.Sample1Test"/>
  <testcase name="printSample1" time="0.002" classname="base.Sample1Test"/>
  <testcase name="print2" time="0.0" classname="base.Sample2Test"/>
  <testcase name="print3" time="0.0" classname="base.Sample2Test"/>
  <testcase name="print3" time="0.001" classname="base.Sample3Test"/>
  <testcase name="print4" time="0.001" classname="base.Sample3Test"/>
</testsuite> <!-- Surefire test -->
