<?xml version="1.0" encoding="UTF-8"?>
<testng-results skipped="0" failed="0" ignored="0" total="7" passed="7">
  <reporter-output>
  </reporter-output>
  <suite name="Command line suite" duration-ms="99" started-at="2020-05-16T21:17:32Z" finished-at="2020-05-16T21:17:32Z">
    <groups>
      <group name="smoke">
        <method signature="Sample1Test.print()[pri:0, instance:base.Sample1Test@5ebec15]" name="print" class="base.Sample1Test"/>
        <method signature="Sample1Test.print1Sample1()[pri:0, instance:base.Sample1Test@5ebec15]" name="print1Sample1" class="base.Sample1Test"/>
        <method signature="Sample1Test.printSample1()[pri:0, instance:base.Sample1Test@5ebec15]" name="printSample1" class="base.Sample1Test"/>
      </group> <!-- smoke -->
      <group name="Regression">
        <method signature="Sample1Test.print()[pri:0, instance:base.Sample1Test@5ebec15]" name="print" class="base.Sample1Test"/>
      </group> <!-- Regression -->
    </groups>
    <test name="Command line test" duration-ms="99" started-at="2020-05-16T21:17:32Z" finished-at="2020-05-16T21:17:32Z">
      <class name="base.Sample2Test">
        <test-method status="PASS" signature="print2()[pri:0, instance:base.Sample2Test@21bcffb5]" name="print2" duration-ms="0" started-at="2020-05-16T21:17:32Z" finished-at="2020-05-16T21:17:32Z">
          <reporter-output>
          </reporter-output>
        </test-method> <!-- print2 -->
        <test-method status="PASS" signature="print3()[pri:0, instance:base.Sample2Test@21bcffb5]" name="print3" duration-ms="1" started-at="2020-05-16T21:17:32Z" finished-at="2020-05-16T21:17:32Z">
          <reporter-output>
          </reporter-output>
        </test-method> <!-- print3 -->
      </class> <!-- base.Sample2Test -->
      <class name="base.Sample1Test">
        <test-method status="PASS" signature="BeforeTestmehod()[pri:0, instance:base.Sample1Test@5ebec15]" name="BeforeTestmehod" is-config="true" duration-ms="20" started-at="2020-05-16T21:17:32Z" finished-at="2020-05-16T21:17:32Z">
          <reporter-output>
          </reporter-output>
        </test-method> <!-- BeforeTestmehod -->
        <test-method status="PASS" signature="anno()[pri:0, instance:base.Sample2Test@21bcffb5]" name="anno" is-config="true" duration-ms="1" started-at="2020-05-16T21:17:32Z" finished-at="2020-05-16T21:17:32Z">
          <reporter-output>
          </reporter-output>
        </test-method> <!-- anno -->
        <test-method status="PASS" signature="print()[pri:0, instance:base.Sample1Test@5ebec15]" name="print" duration-ms="1" started-at="2020-05-16T21:17:32Z" finished-at="2020-05-16T21:17:32Z">
          <reporter-output>
          </reporter-output>
        </test-method> <!-- print -->
        <test-method status="PASS" signature="print1Sample1()[pri:0, instance:base.Sample1Test@5ebec15]" name="print1Sample1" duration-ms="0" started-at="2020-05-16T21:17:32Z" finished-at="2020-05-16T21:17:32Z">
          <reporter-output>
          </reporter-output>
        </test-method> <!-- print1Sample1 -->
        <test-method status="PASS" signature="printSample1()[pri:0, instance:base.Sample1Test@5ebec15]" name="printSample1" duration-ms="0" started-at="2020-05-16T21:17:32Z" finished-at="2020-05-16T21:17:32Z">
          <reporter-output>
          </reporter-output>
        </test-method> <!-- printSample1 -->
      </class> <!-- base.Sample1Test -->
      <class name="base.Sample3Test">
        <test-method status="PASS" signature="print3()[pri:0, instance:base.Sample3Test@380fb434]" name="print3" duration-ms="6" started-at="2020-05-16T21:17:32Z" finished-at="2020-05-16T21:17:32Z">
          <reporter-output>
          </reporter-output>
        </test-method> <!-- print3 -->
        <test-method status="PASS" signature="print4()[pri:0, instance:base.Sample3Test@380fb434]" name="print4" duration-ms="1" started-at="2020-05-16T21:17:32Z" finished-at="2020-05-16T21:17:32Z">
          <reporter-output>
          </reporter-output>
        </test-method> <!-- print4 -->
      </class> <!-- base.Sample3Test -->
    </test> <!-- Command line test -->
  </suite> <!-- Command line suite -->
</testng-results>
