<?xml version="1.0" encoding="UTF-8"?>
<!-- Generated by org.testng.reporters.JUnitXMLReporter -->
<testsuite hostname="INNOSZLP00355" ignored="5" name="Test" tests="3" failures="0" timestamp="16 May 2020 21:22:52 GMT" time="0.103" errors="0">
  <testcase name="print" time="0.01" classname="base.Sample1Test"/>
  <testcase name="print1Sample1" time="0.001" classname="base.Sample1Test"/>
  <testcase name="printSample1" time="0.001" classname="base.Sample1Test"/>
  <testcase name="print2" time="0.0" classname="base.Sample2Test">
    <ignored/>
  </testcase> <!-- print2 -->
  <testcase name="print3" time="0.0" classname="base.Sample2Test">
    <ignored/>
  </testcase> <!-- print3 -->
  <testcase name="aestMethod" time="0.0" classname="vase1.Sample4">
    <ignored/>
  </testcase> <!-- aestMethod -->
  <testcase name="zestMethod5" time="0.0" classname="vase1.Sample4">
    <ignored/>
  </testcase> <!-- zestMethod5 -->
  <testcase name="gestMethod6" time="0.0" classname="vase1.Sample4">
    <ignored/>
  </testcase> <!-- gestMethod6 -->
</testsuite> <!-- Test -->
