<?xml version="1.0" encoding="UTF-8"?>
<!-- Generated by org.testng.reporters.JUnitXMLReporter -->
<testsuite hostname="INNOSZLP00355" ignored="0" name="Command line test" tests="7" failures="0" timestamp="16 May 2020 21:17:32 GMT" time="0.099" errors="0">
  <testcase name="print" time="0.001" classname="base.Sample1Test"/>
  <testcase name="print1Sample1" time="0.0" classname="base.Sample1Test"/>
  <testcase name="printSample1" time="0.0" classname="base.Sample1Test"/>
  <testcase name="print2" time="0.0" classname="base.Sample2Test"/>
  <testcase name="print3" time="0.001" classname="base.Sample2Test"/>
  <testcase name="print3" time="0.006" classname="base.Sample3Test"/>
  <testcase name="print4" time="0.001" classname="base.Sample3Test"/>
</testsuite> <!-- Command line test -->
