<?xml version="1.0" encoding="UTF-8"?>
<testng-results skipped="0" failed="0" ignored="5" total="8" passed="3">
  <reporter-output>
  </reporter-output>
  <suite name="Suite" duration-ms="103" started-at="2020-05-16T21:22:52Z" finished-at="2020-05-16T21:22:52Z">
    <groups>
      <group name="smoke">
        <method signature="Sample1Test.print()[pri:0, instance:base.Sample1Test@3d3fcdb0]" name="print" class="base.Sample1Test"/>
        <method signature="Sample1Test.print1Sample1()[pri:0, instance:base.Sample1Test@3d3fcdb0]" name="print1Sample1" class="base.Sample1Test"/>
        <method signature="Sample1Test.printSample1()[pri:0, instance:base.Sample1Test@3d3fcdb0]" name="printSample1" class="base.Sample1Test"/>
      </group> <!-- smoke -->
      <group name="Regression">
        <method signature="Sample1Test.print()[pri:0, instance:base.Sample1Test@3d3fcdb0]" name="print" class="base.Sample1Test"/>
      </group> <!-- Regression -->
    </groups>
    <test name="Test" duration-ms="103" started-at="2020-05-16T21:22:52Z" finished-at="2020-05-16T21:22:52Z">
      <class name="base.Sample1Test">
        <test-method status="PASS" signature="print()[pri:0, instance:base.Sample1Test@3d3fcdb0]" name="print" duration-ms="10" started-at="2020-05-16T21:22:52Z" finished-at="2020-05-16T21:22:52Z">
          <reporter-output>
          </reporter-output>
        </test-method> <!-- print -->
        <test-method status="PASS" signature="print1Sample1()[pri:0, instance:base.Sample1Test@3d3fcdb0]" name="print1Sample1" duration-ms="1" started-at="2020-05-16T21:22:52Z" finished-at="2020-05-16T21:22:52Z">
          <reporter-output>
          </reporter-output>
        </test-method> <!-- print1Sample1 -->
        <test-method status="PASS" signature="printSample1()[pri:0, instance:base.Sample1Test@3d3fcdb0]" name="printSample1" duration-ms="1" started-at="2020-05-16T21:22:52Z" finished-at="2020-05-16T21:22:52Z">
          <reporter-output>
          </reporter-output>
        </test-method> <!-- printSample1 -->
      </class> <!-- base.Sample1Test -->
    </test> <!-- Test -->
  </suite> <!-- Suite -->
</testng-results>
